{
  "RSpec": {
    "coverage": {
      "/Users/faiz/discenv/discourse/plugins/discourse-ratings/lib/ratings/engine.rb": {
        "lines": [
          1,
          1,
          1,
          1,
          null,
          1,
          null
        ]
      },
      "/Users/faiz/discenv/discourse/plugins/discourse-ratings/lib/ratings/cache.rb": {
        "lines": [
          1,
          1,
          38,
          null,
          null,
          1,
          10,
          null,
          null,
          1,
          14,
          null,
          null,
          1,
          52,
          null,
          null,
          1,
          66,
          null,
          null,
          1,
          43,
          null,
          null,
          1,
          7,
          null,
          7,
          2,
          null,
          5,
          5,
          5,
          null,
          null,
          null
        ]
      },
      "/Users/faiz/discenv/discourse/plugins/discourse-ratings/lib/ratings/rating.rb": {
        "lines": [
          1,
          1,
          null,
          1,
          null,
          1,
          null,
          null,
          null,
          null,
          null,
          1,
          67,
          67,
          67,
          67,
          null,
          null,
          1,
          134,
          null,
          57,
          null,
          null,
          1,
          24,
          null,
          null,
          1,
          27,
          null,
          32,
          null,
          32,
          32,
          32,
          null,
          null,
          null,
          1,
          5,
          0,
          null,
          null,
          5,
          null,
          5,
          null,
          5,
          0,
          null,
          null,
          5,
          null,
          5,
          5,
          null,
          5,
          5,
          null,
          null,
          null,
          5,
          null,
          null,
          null,
          null,
          null,
          null,
          null,
          1,
          1,
          null,
          null,
          0,
          null,
          null,
          1,
          null,
          1,
          0,
          null,
          null,
          1,
          1,
          null,
          1,
          null,
          null,
          null,
          null,
          1,
          1,
          null,
          null,
          null,
          null,
          null,
          1,
          null,
          1,
          1,
          null,
          1,
          1,
          null,
          null,
          null,
          null,
          1,
          null,
          null,
          null,
          null,
          null,
          null,
          null,
          1,
          38,
          null,
          36,
          null,
          null,
          36,
          null,
          36,
          null,
          30,
          null,
          0,
          null,
          null,
          30,
          null,
          null,
          36,
          null,
          null,
          null,
          null,
          1,
          70,
          62,
          67,
          null,
          null,
          8,
          null,
          null,
          null,
          1,
          8,
          4,
          null,
          null,
          1,
          75,
          null,
          null
        ]
      },
      "/Users/faiz/discenv/discourse/plugins/discourse-ratings/lib/ratings/rating_type.rb": {
        "lines": [
          1,
          1,
          null,
          1,
          1,
          null,
          1,
          null,
          1,
          7,
          7,
          null,
          null,
          1,
          11,
          null,
          null,
          null,
          7,
          null,
          null,
          null,
          1,
          10,
          null,
          null,
          1,
          24,
          null,
          null,
          1,
          6,
          1,
          null,
          null,
          null,
          1,
          3,
          3,
          null,
          null,
          null,
          null,
          null,
          1,
          null,
          null,
          17,
          null,
          17,
          null,
          null,
          1,
          1,
          null,
          null,
          1,
          19,
          19,
          null,
          null,
          1,
          5,
          5,
          null,
          null,
          1,
          28,
          null,
          null,
          1,
          7,
          null,
          null
        ]
      },
      "/Users/faiz/discenv/discourse/plugins/discourse-ratings/lib/ratings/object.rb": {
        "lines": [
          1,
          1,
          null,
          1,
          null,
          1,
          null,
          1,
          0,
          0,
          null,
          null,
          1,
          4,
          null,
          null,
          null,
          0,
          null,
          null,
          null,
          1,
          12,
          null,
          null,
          null,
          null,
          null,
          1,
          7,
          null,
          null,
          null,
          null,
          0,
          null,
          7,
          null,
          null,
          null,
          1,
          27,
          23,
          null,
          4,
          null,
          null,
          null,
          1,
          7,
          7,
          null,
          null,
          null,
          1,
          1,
          null,
          null,
          1,
          9,
          null,
          null,
          null,
          10,
          null,
          5,
          0,
          0,
          null,
          5,
          null,
          null,
          null,
          null,
          1,
          47,
          null,
          null,
          1,
          0,
          null,
          null,
          1,
          28,
          null,
          null,
          1,
          7,
          null,
          null
        ]
      },
      "/Users/faiz/discenv/discourse/plugins/discourse-ratings/config/routes.rb": {
        "lines": [
          1,
          1,
          1,
          1,
          1,
          1,
          null,
          null,
          null,
          1,
          1,
          1,
          null
        ]
      },
      "/Users/faiz/discenv/discourse/plugins/discourse-ratings/jobs/regular/destroy_rating_type.rb": {
        "lines": [
          null,
          null,
          1,
          1,
          1,
          4,
          null,
          4,
          4,
          4,
          4,
          4,
          null,
          null,
          null,
          null
        ]
      },
      "/Users/faiz/discenv/discourse/plugins/discourse-ratings/jobs/regular/destroy_ratings.rb": {
        "lines": [
          null,
          null,
          1,
          1,
          1,
          0,
          null,
          null,
          null
        ]
      },
      "/Users/faiz/discenv/discourse/plugins/discourse-ratings/jobs/regular/migrate_ratings.rb": {
        "lines": [
          null,
          null,
          1,
          1,
          1,
          0,
          null,
          null,
          null
        ]
      },
      "/Users/faiz/discenv/discourse/plugins/discourse-ratings/app/serializers/ratings/object.rb": {
        "lines": [
          1,
          1,
          null
        ]
      },
      "/Users/faiz/discenv/discourse/plugins/discourse-ratings/app/serializers/ratings/rating.rb": {
        "lines": [
          1,
          1,
          null
        ]
      },
      "/Users/faiz/discenv/discourse/plugins/discourse-ratings/app/serializers/ratings/rating_type.rb": {
        "lines": [
          1,
          1,
          null
        ]
      },
      "/Users/faiz/discenv/discourse/plugins/discourse-ratings/app/controllers/ratings/object.rb": {
        "lines": [
          1,
          1,
          1,
          null,
          1,
          0,
          null,
          null,
          1,
          0,
          null,
          null,
          1,
          0,
          null,
          null,
          1,
          0,
          null,
          null,
          1,
          null,
          1,
          0,
          null,
          null,
          1,
          0,
          0,
          null,
          null,
          null,
          1,
          0,
          0,
          null,
          null,
          null,
          1,
          0,
          0,
          null,
          0,
          null,
          null,
          null
        ]
      },
      "/Users/faiz/discenv/discourse/plugins/discourse-ratings/app/controllers/ratings/rating.rb": {
        "lines": [
          1,
          1,
          null,
          1,
          0,
          null,
          null,
          null,
          null,
          null,
          null,
          null,
          null,
          1,
          0,
          null,
          null,
          null,
          null,
          null,
          null,
          null,
          1,
          null,
          1,
          0,
          null,
          null,
          1,
          0,
          0,
          null,
          null,
          0,
          null,
          0,
          null,
          null,
          null,
          1,
          0,
          0,
          null,
          0,
          null,
          null,
          null
        ]
      },
      "/Users/faiz/discenv/discourse/plugins/discourse-ratings/app/controllers/ratings/rating_type.rb": {
        "lines": [
          1,
          1,
          1,
          1,
          null,
          1,
          1,
          null,
          1,
          0,
          null,
          null,
          1,
          1,
          null,
          null,
          1,
          1,
          null,
          null,
          1,
          0,
          null,
          null,
          1,
          null,
          1,
          12,
          null,
          null,
          1,
          2,
          null,
          2,
          null,
          0,
          null,
          null,
          null,
          1,
          2,
          null,
          0,
          null,
          null,
          null,
          1,
          2,
          0,
          null,
          null,
          null,
          1,
          2,
          2,
          null,
          0,
          null,
          null,
          null
        ]
      },
      "/Users/faiz/discenv/discourse/plugins/discourse-ratings/extensions/post_revisor.rb": {
        "lines": [
          1,
          1,
          4,
          null,
          null,
          1,
          7,
          null,
          null,
          1,
          2,
          2,
          null,
          null,
          1,
          2,
          null,
          null,
          1,
          1,
          1,
          1,
          null,
          1,
          1,
          1,
          1,
          null,
          null,
          null,
          null,
          null
        ]
      },
      "/Users/faiz/discenv/discourse/plugins/discourse-ratings/extensions/posts_controller.rb": {
        "lines": [
          1,
          1,
          1,
          1,
          null,
          null,
          1,
          null,
          0,
          null,
          null,
          1,
          1,
          1,
          null,
          null,
          null,
          null,
          1,
          null,
          null
        ]
      },
      "/Users/faiz/discenv/discourse/plugins/discourse-ratings/extensions/topic.rb": {
        "lines": [
          1,
          1,
          null,
          0,
          null,
          null,
          0,
          0,
          null,
          null,
          0,
          0,
          null,
          null
        ]
      }
    },
    "timestamp": 1612435247
  }
}
